# JRE version: OpenJDK Runtime Environment (7.0_55-b14) (build 1.7.0_55-b14)
# Java VM: OpenJDK 64-Bit Server VM (24.51-b03 mixed mode linux-amd64 compressed oops)
Heap
 PSYoungGen      total 205312K, used 32K [0x00000000eba80000, 0x00000000f8500000, 0x0000000100000000)
  eden space 203264K, 0% used [0x00000000eba80000,0x00000000eba80000,0x00000000f8100000)
  from space 2048K, 1% used [0x00000000f8100000,0x00000000f8108000,0x00000000f8300000)
  to   space 2048K, 0% used [0x00000000f8300000,0x00000000f8300000,0x00000000f8500000)
 ParOldGen       total 41472K, used 843K [0x00000000c3000000, 0x00000000c5880000, 0x00000000eba80000)
  object space 41472K, 2% used [0x00000000c3000000,0x00000000c30d2e90,0x00000000c5880000)
 PSPermGen       total 21504K, used 5905K [0x00000000b8a00000, 0x00000000b9f00000, 0x00000000c3000000)
  object space 21504K, 27% used [0x00000000b8a00000,0x00000000b8fc45e0,0x00000000b9f00000)
GC Heap History (10 events):
Event: 2.765 GC heap after
Heap after GC invocations=6 (full 0):
 PSYoungGen      total 64512K, used 912K [0x00000000eba80000, 0x00000000efb80000, 0x0000000100000000)
  eden space 63488K, 0% used [0x00000000eba80000,0x00000000eba80000,0x00000000ef880000)
  from space 1024K, 89% used [0x00000000efa80000,0x00000000efb64010,0x00000000efb80000)
  to   space 1536K, 0% used [0x00000000ef880000,0x00000000ef880000,0x00000000efa00000)
 ParOldGen       total 41472K, used 16K [0x00000000c3000000, 0x00000000c5880000, 0x00000000eba80000)
  object space 41472K, 0% used [0x00000000c3000000,0x00000000c3004000,0x00000000c5880000)
 PSPermGen       total 21504K, used 5905K [0x00000000b8a00000, 0x00000000b9f00000, 0x00000000c3000000)
  object space 21504K, 27% used [0x00000000b8a00000,0x00000000b8fc45e0,0x00000000b9f00000)
}
Event: 2.813 GC heap before
{Heap before GC invocations=7 (full 0):
 PSYoungGen      total 64512K, used 64400K [0x00000000eba80000, 0x00000000efb80000, 0x0000000100000000)
  eden space 63488K, 100% used [0x00000000eba80000,0x00000000ef880000,0x00000000ef880000)
  from space 1024K, 89% used [0x00000000efa80000,0x00000000efb64010,0x00000000efb80000)
  to   space 1536K, 0% used [0x00000000ef880000,0x00000000ef880000,0x00000000efa00000)
 ParOldGen       total 41472K, used 16K [0x00000000c3000000, 0x00000000c5880000, 0x00000000eba80000)
  object space 41472K, 0% used [0x00000000c3000000,0x00000000c3004000,0x00000000c5880000)
 PSPermGen       total 21504K, used 5905K [0x00000000b8a00000, 0x00000000b9f00000, 0x00000000c3000000)
  object space 21504K, 27% used [0x00000000b8a00000,0x00000000b8fc45e0,0x00000000b9f00000)
Event: 2.815 GC heap after
Heap after GC invocations=7 (full 0):
 PSYoungGen      total 65024K, used 0K [0x00000000eba80000, 0x00000000f3a80000, 0x0000000100000000)
  eden space 63488K, 0% used [0x00000000eba80000,0x00000000eba80000,0x00000000ef880000)
  from space 1536K, 0% used [0x00000000ef880000,0x00000000ef880000,0x00000000efa00000)
  to   space 2048K, 0% used [0x00000000f3880000,0x00000000f3880000,0x00000000f3a80000)
 ParOldGen       total 41472K, used 843K [0x00000000c3000000, 0x00000000c5880000, 0x00000000eba80000)
  object space 41472K, 2% used [0x00000000c3000000,0x00000000c30d2e90,0x00000000c5880000)
 PSPermGen       total 21504K, used 5905K [0x00000000b8a00000, 0x00000000b9f00000, 0x00000000c3000000)
  object space 21504K, 27% used [0x00000000b8a00000,0x00000000b8fc45e0,0x00000000b9f00000)
}
Event: 2.862 GC heap before
{Heap before GC invocations=8 (full 0):
 PSYoungGen      total 65024K, used 63488K [0x00000000eba80000, 0x00000000f3a80000, 0x0000000100000000)
  eden space 63488K, 100% used [0x00000000eba80000,0x00000000ef880000,0x00000000ef880000)
  from space 1536K, 0% used [0x00000000ef880000,0x00000000ef880000,0x00000000efa00000)
  to   space 2048K, 0% used [0x00000000f3880000,0x00000000f3880000,0x00000000f3a80000)
 ParOldGen       total 41472K, used 843K [0x00000000c3000000, 0x00000000c5880000, 0x00000000eba80000)
  object space 41472K, 2% used [0x00000000c3000000,0x00000000c30d2e90,0x00000000c5880000)
 PSPermGen       total 21504K, used 5905K [0x00000000b8a00000, 0x00000000b9f00000, 0x00000000c3000000)
  object space 21504K, 27% used [0x00000000b8a00000,0x00000000b8fc45e0,0x00000000b9f00000)
Event: 2.863 GC heap after
Heap after GC invocations=8 (full 0):
 PSYoungGen      total 129024K, used 64K [0x00000000eba80000, 0x00000000f3a80000, 0x0000000100000000)
  eden space 126976K, 0% used [0x00000000eba80000,0x00000000eba80000,0x00000000f3680000)
  from space 2048K, 3% used [0x00000000f3880000,0x00000000f3890000,0x00000000f3a80000)
  to   space 2048K, 0% used [0x00000000f3680000,0x00000000f3680000,0x00000000f3880000)
 ParOldGen       total 41472K, used 843K [0x00000000c3000000, 0x00000000c5880000, 0x00000000eba80000)
  object space 41472K, 2% used [0x00000000c3000000,0x00000000c30d2e90,0x00000000c5880000)
 PSPermGen       total 21504K, used 5905K [0x00000000b8a00000, 0x00000000b9f00000, 0x00000000c3000000)
  object space 21504K, 27% used [0x00000000b8a00000,0x00000000b8fc45e0,0x00000000b9f00000)
}
Event: 2.960 GC heap before
{Heap before GC invocations=9 (full 0):
 PSYoungGen      total 129024K, used 127040K [0x00000000eba80000, 0x00000000f3a80000, 0x0000000100000000)
  eden space 126976K, 100% used [0x00000000eba80000,0x00000000f3680000,0x00000000f3680000)
  from space 2048K, 3% used [0x00000000f3880000,0x00000000f3890000,0x00000000f3a80000)
  to   space 2048K, 0% used [0x00000000f3680000,0x00000000f3680000,0x00000000f3880000)
 ParOldGen       total 41472K, used 843K [0x00000000c3000000, 0x00000000c5880000, 0x00000000eba80000)
  object space 41472K, 2% used [0x00000000c3000000,0x00000000c30d2e90,0x00000000c5880000)
 PSPermGen       total 21504K, used 5905K [0x00000000b8a00000, 0x00000000b9f00000, 0x00000000c3000000)
  object space 21504K, 27% used [0x00000000b8a00000,0x00000000b8fc45e0,0x00000000b9f00000)
Event: 2.973 GC heap after
Heap after GC invocations=9 (full 0):
 PSYoungGen      total 129024K, used 32K [0x00000000eba80000, 0x00000000f8500000, 0x0000000100000000)
  eden space 126976K, 0% used [0x00000000eba80000,0x00000000eba80000,0x00000000f3680000)
  from space 2048K, 1% used [0x00000000f3680000,0x00000000f3688000,0x00000000f3880000)
  to   space 2048K, 0% used [0x00000000f8300000,0x00000000f8300000,0x00000000f8500000)
 ParOldGen       total 41472K, used 843K [0x00000000c3000000, 0x00000000c5880000, 0x00000000eba80000)
  object space 41472K, 2% used [0x00000000c3000000,0x00000000c30d2e90,0x00000000c5880000)
 PSPermGen       total 21504K, used 5905K [0x00000000b8a00000, 0x00000000b9f00000, 0x00000000c3000000)
  object space 21504K, 27% used [0x00000000b8a00000,0x00000000b8fc45e0,0x00000000b9f00000)
}
Event: 3.040 GC heap before
{Heap before GC invocations=10 (full 0):
 PSYoungGen      total 129024K, used 127008K [0x00000000eba80000, 0x00000000f8500000, 0x0000000100000000)
  eden space 126976K, 100% used [0x00000000eba80000,0x00000000f3680000,0x00000000f3680000)
  from space 2048K, 1% used [0x00000000f3680000,0x00000000f3688000,0x00000000f3880000)
  to   space 2048K, 0% used [0x00000000f8300000,0x00000000f8300000,0x00000000f8500000)
 ParOldGen       total 41472K, used 843K [0x00000000c3000000, 0x00000000c5880000, 0x00000000eba80000)
  object space 41472K, 2% used [0x00000000c3000000,0x00000000c30d2e90,0x00000000c5880000)
 PSPermGen       total 21504K, used 5905K [0x00000000b8a00000, 0x00000000b9f00000, 0x00000000c3000000)
  object space 21504K, 27% used [0x00000000b8a00000,0x00000000b8fc45e0,0x00000000b9f00000)
Event: 3.040 GC heap after
Heap after GC invocations=10 (full 0):
 PSYoungGen      total 205312K, used 32K [0x00000000eba80000, 0x00000000f8500000, 0x0000000100000000)
  eden space 203264K, 0% used [0x00000000eba80000,0x00000000eba80000,0x00000000f8100000)
  from space 2048K, 1% used [0x00000000f8300000,0x00000000f8308000,0x00000000f8500000)
  to   space 2048K, 0% used [0x00000000f8100000,0x00000000f8100000,0x00000000f8300000)
 ParOldGen       total 41472K, used 843K [0x00000000c3000000, 0x00000000c5880000, 0x00000000eba80000)
  object space 41472K, 2% used [0x00000000c3000000,0x00000000c30d2e90,0x00000000c5880000)
 PSPermGen       total 21504K, used 5905K [0x00000000b8a00000, 0x00000000b9f00000, 0x00000000c3000000)
  object space 21504K, 27% used [0x00000000b8a00000,0x00000000b8fc45e0,0x00000000b9f00000)
}
Event: 3.173 GC heap before
{Heap before GC invocations=11 (full 0):
 PSYoungGen      total 205312K, used 203296K [0x00000000eba80000, 0x00000000f8500000, 0x0000000100000000)
  eden space 203264K, 100% used [0x00000000eba80000,0x00000000f8100000,0x00000000f8100000)
  from space 2048K, 1% used [0x00000000f8300000,0x00000000f8308000,0x00000000f8500000)
  to   space 2048K, 0% used [0x00000000f8100000,0x00000000f8100000,0x00000000f8300000)
 ParOldGen       total 41472K, used 843K [0x00000000c3000000, 0x00000000c5880000, 0x00000000eba80000)
  object space 41472K, 2% used [0x00000000c3000000,0x00000000c30d2e90,0x00000000c5880000)
 PSPermGen       total 21504K, used 5905K [0x00000000b8a00000, 0x00000000b9f00000, 0x00000000c3000000)
  object space 21504K, 27% used [0x00000000b8a00000,0x00000000b8fc45e0,0x00000000b9f00000)

