# JRE version: OpenJDK Runtime Environment (7.0_55-b14) (build 1.7.0_55-b14)
# Java VM: OpenJDK 64-Bit Server VM (24.51-b03 mixed mode linux-amd64 compressed oops)
Heap
 PSYoungGen      total 178176K, used 0K [0x00000000f0000000, 0x0000000100000000, 0x0000000100000000)
  eden space 123904K, 0% used [0x00000000f0000000,0x00000000f0000000,0x00000000f7900000)
  from space 54272K, 0% used [0x00000000fcb00000,0x00000000fcb00000,0x0000000100000000)
  to   space 69120K, 0% used [0x00000000f7900000,0x00000000f7900000,0x00000000fbc80000)
 ParOldGen       total 258048K, used 251312K [0x00000000d0000000, 0x00000000dfc00000, 0x00000000f0000000)
  object space 258048K, 97% used [0x00000000d0000000,0x00000000df56c090,0x00000000dfc00000)
 PSPermGen       total 163328K, used 155421K [0x00000000b0000000, 0x00000000b9f80000, 0x00000000d0000000)
  object space 163328K, 95% used [0x00000000b0000000,0x00000000b97c7610,0x00000000b9f80000)
GC Heap History (10 events):
Event: 7631.067 GC heap after
Heap after GC invocations=360 (full 126):
 PSYoungGen      total 208384K, used 6997K [0x00000000f0000000, 0x00000000ffa80000, 0x0000000100000000)
  eden space 168448K, 0% used [0x00000000f0000000,0x00000000f0000000,0x00000000fa480000)
  from space 39936K, 17% used [0x00000000fd380000,0x00000000fda55618,0x00000000ffa80000)
  to   space 44032K, 0% used [0x00000000fa480000,0x00000000fa480000,0x00000000fcf80000)
 ParOldGen       total 258048K, used 181223K [0x00000000d0000000, 0x00000000dfc00000, 0x00000000f0000000)
  object space 258048K, 70% used [0x00000000d0000000,0x00000000db0f9eb0,0x00000000dfc00000)
 PSPermGen       total 163328K, used 142356K [0x00000000b0000000, 0x00000000b9f80000, 0x00000000d0000000)
  object space 163328K, 87% used [0x00000000b0000000,0x00000000b8b050b0,0x00000000b9f80000)
}
Event: 7639.319 GC heap before
{Heap before GC invocations=361 (full 126):
 PSYoungGen      total 208384K, used 175445K [0x00000000f0000000, 0x00000000ffa80000, 0x0000000100000000)
  eden space 168448K, 100% used [0x00000000f0000000,0x00000000fa480000,0x00000000fa480000)
  from space 39936K, 17% used [0x00000000fd380000,0x00000000fda55618,0x00000000ffa80000)
  to   space 44032K, 0% used [0x00000000fa480000,0x00000000fa480000,0x00000000fcf80000)
 ParOldGen       total 258048K, used 181223K [0x00000000d0000000, 0x00000000dfc00000, 0x00000000f0000000)
  object space 258048K, 70% used [0x00000000d0000000,0x00000000db0f9eb0,0x00000000dfc00000)
 PSPermGen       total 163328K, used 149773K [0x00000000b0000000, 0x00000000b9f80000, 0x00000000d0000000)
  object space 163328K, 91% used [0x00000000b0000000,0x00000000b92435a0,0x00000000b9f80000)
Event: 7639.344 GC heap after
Heap after GC invocations=361 (full 126):
 PSYoungGen      total 212480K, used 25008K [0x00000000f0000000, 0x0000000100000000, 0x0000000100000000)
  eden space 168448K, 0% used [0x00000000f0000000,0x00000000f0000000,0x00000000fa480000)
  from space 44032K, 56% used [0x00000000fa480000,0x00000000fbcec040,0x00000000fcf80000)
  to   space 44544K, 0% used [0x00000000fd480000,0x00000000fd480000,0x0000000100000000)
 ParOldGen       total 258048K, used 181223K [0x00000000d0000000, 0x00000000dfc00000, 0x00000000f0000000)
  object space 258048K, 70% used [0x00000000d0000000,0x00000000db0f9eb0,0x00000000dfc00000)
 PSPermGen       total 163328K, used 149773K [0x00000000b0000000, 0x00000000b9f80000, 0x00000000d0000000)
  object space 163328K, 91% used [0x00000000b0000000,0x00000000b92435a0,0x00000000b9f80000)
}
Event: 7650.400 GC heap before
{Heap before GC invocations=362 (full 126):
 PSYoungGen      total 212480K, used 193456K [0x00000000f0000000, 0x0000000100000000, 0x0000000100000000)
  eden space 168448K, 100% used [0x00000000f0000000,0x00000000fa480000,0x00000000fa480000)
  from space 44032K, 56% used [0x00000000fa480000,0x00000000fbcec040,0x00000000fcf80000)
  to   space 44544K, 0% used [0x00000000fd480000,0x00000000fd480000,0x0000000100000000)
 ParOldGen       total 258048K, used 181223K [0x00000000d0000000, 0x00000000dfc00000, 0x00000000f0000000)
  object space 258048K, 70% used [0x00000000d0000000,0x00000000db0f9eb0,0x00000000dfc00000)
 PSPermGen       total 163328K, used 149958K [0x00000000b0000000, 0x00000000b9f80000, 0x00000000d0000000)
  object space 163328K, 91% used [0x00000000b0000000,0x00000000b92719b0,0x00000000b9f80000)
Event: 7650.463 GC heap after
Heap after GC invocations=362 (full 126):
 PSYoungGen      total 198144K, used 44538K [0x00000000f0000000, 0x0000000100000000, 0x0000000100000000)
  eden space 153600K, 0% used [0x00000000f0000000,0x00000000f0000000,0x00000000f9600000)
  from space 44544K, 99% used [0x00000000fd480000,0x00000000ffffe838,0x0000000100000000)
  to   space 54272K, 0% used [0x00000000f9600000,0x00000000f9600000,0x00000000fcb00000)
 ParOldGen       total 258048K, used 186182K [0x00000000d0000000, 0x00000000dfc00000, 0x00000000f0000000)
  object space 258048K, 72% used [0x00000000d0000000,0x00000000db5d1a48,0x00000000dfc00000)
 PSPermGen       total 163328K, used 149958K [0x00000000b0000000, 0x00000000b9f80000, 0x00000000d0000000)
  object space 163328K, 91% used [0x00000000b0000000,0x00000000b92719b0,0x00000000b9f80000)
}
Event: 7658.399 GC heap before
{Heap before GC invocations=363 (full 126):
 PSYoungGen      total 198144K, used 198138K [0x00000000f0000000, 0x0000000100000000, 0x0000000100000000)
  eden space 153600K, 100% used [0x00000000f0000000,0x00000000f9600000,0x00000000f9600000)
  from space 44544K, 99% used [0x00000000fd480000,0x00000000ffffe838,0x0000000100000000)
  to   space 54272K, 0% used [0x00000000f9600000,0x00000000f9600000,0x00000000fcb00000)
 ParOldGen       total 258048K, used 186182K [0x00000000d0000000, 0x00000000dfc00000, 0x00000000f0000000)
  object space 258048K, 72% used [0x00000000d0000000,0x00000000db5d1a48,0x00000000dfc00000)
 PSPermGen       total 163328K, used 162827K [0x00000000b0000000, 0x00000000b9f80000, 0x00000000d0000000)
  object space 163328K, 99% used [0x00000000b0000000,0x00000000b9f02f38,0x00000000b9f80000)
Event: 7658.451 GC heap after
Heap after GC invocations=363 (full 126):
 PSYoungGen      total 207872K, used 54256K [0x00000000f0000000, 0x0000000100000000, 0x0000000100000000)
  eden space 153600K, 0% used [0x00000000f0000000,0x00000000f0000000,0x00000000f9600000)
  from space 54272K, 99% used [0x00000000f9600000,0x00000000fcafc198,0x00000000fcb00000)
  to   space 54272K, 0% used [0x00000000fcb00000,0x00000000fcb00000,0x0000000100000000)
 ParOldGen       total 258048K, used 199326K [0x00000000d0000000, 0x00000000dfc00000, 0x00000000f0000000)
  object space 258048K, 77% used [0x00000000d0000000,0x00000000dc2a7808,0x00000000dfc00000)
 PSPermGen       total 163328K, used 162827K [0x00000000b0000000, 0x00000000b9f80000, 0x00000000d0000000)
  object space 163328K, 99% used [0x00000000b0000000,0x00000000b9f02f38,0x00000000b9f80000)
}
Event: 7662.055 GC heap before
{Heap before GC invocations=364 (full 126):
 PSYoungGen      total 207872K, used 207856K [0x00000000f0000000, 0x0000000100000000, 0x0000000100000000)
  eden space 153600K, 100% used [0x00000000f0000000,0x00000000f9600000,0x00000000f9600000)
  from space 54272K, 99% used [0x00000000f9600000,0x00000000fcafc198,0x00000000fcb00000)
  to   space 54272K, 0% used [0x00000000fcb00000,0x00000000fcb00000,0x0000000100000000)
 ParOldGen       total 258048K, used 199326K [0x00000000d0000000, 0x00000000dfc00000, 0x00000000f0000000)
  object space 258048K, 77% used [0x00000000d0000000,0x00000000dc2a7808,0x00000000dfc00000)
 PSPermGen       total 163328K, used 162829K [0x00000000b0000000, 0x00000000b9f80000, 0x00000000d0000000)
  object space 163328K, 99% used [0x00000000b0000000,0x00000000b9f03618,0x00000000b9f80000)
Event: 7662.113 GC heap after
Heap after GC invocations=364 (full 126):
 PSYoungGen      total 178176K, used 37853K [0x00000000f0000000, 0x0000000100000000, 0x0000000100000000)
  eden space 123904K, 0% used [0x00000000f0000000,0x00000000f0000000,0x00000000f7900000)
  from space 54272K, 69% used [0x00000000fcb00000,0x00000000feff7740,0x0000000100000000)
  to   space 69120K, 0% used [0x00000000f7900000,0x00000000f7900000,0x00000000fbc80000)
 ParOldGen       total 258048K, used 237399K [0x00000000d0000000, 0x00000000dfc00000, 0x00000000f0000000)
  object space 258048K, 91% used [0x00000000d0000000,0x00000000de7d5e98,0x00000000dfc00000)
 PSPermGen       total 163328K, used 162829K [0x00000000b0000000, 0x00000000b9f80000, 0x00000000d0000000)
  object space 163328K, 99% used [0x00000000b0000000,0x00000000b9f03618,0x00000000b9f80000)
}
Event: 7662.138 GC heap before
{Heap before GC invocations=365 (full 127):
 PSYoungGen      total 178176K, used 37853K [0x00000000f0000000, 0x0000000100000000, 0x0000000100000000)
  eden space 123904K, 0% used [0x00000000f0000000,0x00000000f0000000,0x00000000f7900000)
  from space 54272K, 69% used [0x00000000fcb00000,0x00000000feff7740,0x0000000100000000)
  to   space 69120K, 0% used [0x00000000f7900000,0x00000000f7900000,0x00000000fbc80000)
 ParOldGen       total 258048K, used 237399K [0x00000000d0000000, 0x00000000dfc00000, 0x00000000f0000000)
  object space 258048K, 91% used [0x00000000d0000000,0x00000000de7d5e98,0x00000000dfc00000)
 PSPermGen       total 163328K, used 162829K [0x00000000b0000000, 0x00000000b9f80000, 0x00000000d0000000)
  object space 163328K, 99% used [0x00000000b0000000,0x00000000b9f03618,0x00000000b9f80000)

