# JRE version: OpenJDK Runtime Environment (7.0_55-b14) (build 1.7.0_55-b14)
# Java VM: OpenJDK 64-Bit Server VM (24.51-b03 mixed mode linux-amd64 compressed oops)
Heap
 PSYoungGen      total 64000K, used 0K [0x00000000eba80000, 0x00000000f0c00000, 0x0000000100000000)
  eden space 61440K, 0% used [0x00000000eba80000,0x00000000eba80000,0x00000000ef680000)
  from space 2560K, 0% used [0x00000000ef680000,0x00000000ef680000,0x00000000ef900000)
  to   space 1536K, 0% used [0x00000000f0a80000,0x00000000f0a80000,0x00000000f0c00000)
 ParOldGen       total 352768K, used 274384K [0x00000000c3000000, 0x00000000d8880000, 0x00000000eba80000)
  object space 352768K, 77% used [0x00000000c3000000,0x00000000d3bf4320,0x00000000d8880000)
 PSPermGen       total 21504K, used 4737K [0x00000000b8a00000, 0x00000000b9f00000, 0x00000000c3000000)
  object space 21504K, 22% used [0x00000000b8a00000,0x00000000b8ea0528,0x00000000b9f00000)
GC Heap History (10 events):
Event: 1.608 GC heap before
{Heap before GC invocations=3 (full 0):
 PSYoungGen      total 34304K, used 608K [0x00000000eba80000, 0x00000000ede80000, 0x0000000100000000)
  eden space 31744K, 0% used [0x00000000eba80000,0x00000000eba80000,0x00000000ed980000)
  from space 2560K, 23% used [0x00000000edc00000,0x00000000edc98000,0x00000000ede80000)
  to   space 2560K, 0% used [0x00000000ed980000,0x00000000ed980000,0x00000000edc00000)
 ParOldGen       total 666112K, used 529394K [0x00000000c3000000, 0x00000000eba80000, 0x00000000eba80000)
  object space 666112K, 79% used [0x00000000c3000000,0x00000000e34fc810,0x00000000eba80000)
 PSPermGen       total 21504K, used 4738K [0x00000000b8a00000, 0x00000000b9f00000, 0x00000000c3000000)
  object space 21504K, 22% used [0x00000000b8a00000,0x00000000b8ea0aa0,0x00000000b9f00000)
Event: 2.145 GC heap after
Heap after GC invocations=3 (full 0):
 PSYoungGen      total 34304K, used 608K [0x00000000eba80000, 0x00000000efd80000, 0x0000000100000000)
  eden space 31744K, 0% used [0x00000000eba80000,0x00000000eba80000,0x00000000ed980000)
  from space 2560K, 23% used [0x00000000ed980000,0x00000000eda18000,0x00000000edc00000)
  to   space 2560K, 0% used [0x00000000efb00000,0x00000000efb00000,0x00000000efd80000)
 ParOldGen       total 666112K, used 529394K [0x00000000c3000000, 0x00000000eba80000, 0x00000000eba80000)
  object space 666112K, 79% used [0x00000000c3000000,0x00000000e34fc810,0x00000000eba80000)
 PSPermGen       total 21504K, used 4738K [0x00000000b8a00000, 0x00000000b9f00000, 0x00000000c3000000)
  object space 21504K, 22% used [0x00000000b8a00000,0x00000000b8ea0aa0,0x00000000b9f00000)
}
Event: 2.145 GC heap before
{Heap before GC invocations=4 (full 1):
 PSYoungGen      total 34304K, used 608K [0x00000000eba80000, 0x00000000efd80000, 0x0000000100000000)
  eden space 31744K, 0% used [0x00000000eba80000,0x00000000eba80000,0x00000000ed980000)
  from space 2560K, 23% used [0x00000000ed980000,0x00000000eda18000,0x00000000edc00000)
  to   space 2560K, 0% used [0x00000000efb00000,0x00000000efb00000,0x00000000efd80000)
 ParOldGen       total 666112K, used 529394K [0x00000000c3000000, 0x00000000eba80000, 0x00000000eba80000)
  object space 666112K, 79% used [0x00000000c3000000,0x00000000e34fc810,0x00000000eba80000)
 PSPermGen       total 21504K, used 4738K [0x00000000b8a00000, 0x00000000b9f00000, 0x00000000c3000000)
  object space 21504K, 22% used [0x00000000b8a00000,0x00000000b8ea0aa0,0x00000000b9f00000)
Event: 3.205 GC heap after
Heap after GC invocations=4 (full 1):
 PSYoungGen      total 34304K, used 0K [0x00000000eba80000, 0x00000000efd80000, 0x0000000100000000)
  eden space 31744K, 0% used [0x00000000eba80000,0x00000000eba80000,0x00000000ed980000)
  from space 2560K, 0% used [0x00000000ed980000,0x00000000ed980000,0x00000000edc00000)
  to   space 2560K, 0% used [0x00000000efb00000,0x00000000efb00000,0x00000000efd80000)
 ParOldGen       total 236032K, used 183120K [0x00000000c3000000, 0x00000000d1680000, 0x00000000eba80000)
  object space 236032K, 77% used [0x00000000c3000000,0x00000000ce2d4178,0x00000000d1680000)
 PSPermGen       total 21504K, used 4737K [0x00000000b8a00000, 0x00000000b9f00000, 0x00000000c3000000)
  object space 21504K, 22% used [0x00000000b8a00000,0x00000000b8ea0528,0x00000000b9f00000)
}
Event: 3.751 GC heap before
{Heap before GC invocations=5 (full 1):
 PSYoungGen      total 34304K, used 0K [0x00000000eba80000, 0x00000000efd80000, 0x0000000100000000)
  eden space 31744K, 0% used [0x00000000eba80000,0x00000000eba80000,0x00000000ed980000)
  from space 2560K, 0% used [0x00000000ed980000,0x00000000ed980000,0x00000000edc00000)
  to   space 2560K, 0% used [0x00000000efb00000,0x00000000efb00000,0x00000000efd80000)
 ParOldGen       total 666112K, used 456913K [0x00000000c3000000, 0x00000000eba80000, 0x00000000eba80000)
  object space 666112K, 68% used [0x00000000c3000000,0x00000000dee34680,0x00000000eba80000)
 PSPermGen       total 21504K, used 4737K [0x00000000b8a00000, 0x00000000b9f00000, 0x00000000c3000000)
  object space 21504K, 22% used [0x00000000b8a00000,0x00000000b8ea0528,0x00000000b9f00000)
Event: 3.939 GC heap after
Heap after GC invocations=5 (full 1):
 PSYoungGen      total 49664K, used 0K [0x00000000eba80000, 0x00000000efb80000, 0x0000000100000000)
  eden space 49152K, 0% used [0x00000000eba80000,0x00000000eba80000,0x00000000eea80000)
  from space 512K, 0% used [0x00000000efb00000,0x00000000efb00000,0x00000000efb80000)
  to   space 2560K, 0% used [0x00000000ef680000,0x00000000ef680000,0x00000000ef900000)
 ParOldGen       total 666112K, used 456913K [0x00000000c3000000, 0x00000000eba80000, 0x00000000eba80000)
  object space 666112K, 68% used [0x00000000c3000000,0x00000000dee34680,0x00000000eba80000)
 PSPermGen       total 21504K, used 4737K [0x00000000b8a00000, 0x00000000b9f00000, 0x00000000c3000000)
  object space 21504K, 22% used [0x00000000b8a00000,0x00000000b8ea0528,0x00000000b9f00000)
}
Event: 3.939 GC heap before
{Heap before GC invocations=6 (full 1):
 PSYoungGen      total 49664K, used 0K [0x00000000eba80000, 0x00000000efb80000, 0x0000000100000000)
  eden space 49152K, 0% used [0x00000000eba80000,0x00000000eba80000,0x00000000eea80000)
  from space 512K, 0% used [0x00000000efb00000,0x00000000efb00000,0x00000000efb80000)
  to   space 2560K, 0% used [0x00000000ef680000,0x00000000ef680000,0x00000000ef900000)
 ParOldGen       total 666112K, used 456913K [0x00000000c3000000, 0x00000000eba80000, 0x00000000eba80000)
  object space 666112K, 68% used [0x00000000c3000000,0x00000000dee34680,0x00000000eba80000)
 PSPermGen       total 21504K, used 4737K [0x00000000b8a00000, 0x00000000b9f00000, 0x00000000c3000000)
  object space 21504K, 22% used [0x00000000b8a00000,0x00000000b8ea0528,0x00000000b9f00000)
Event: 4.101 GC heap after
Heap after GC invocations=6 (full 1):
 PSYoungGen      total 64000K, used 0K [0x00000000eba80000, 0x00000000f0c00000, 0x0000000100000000)
  eden space 61440K, 0% used [0x00000000eba80000,0x00000000eba80000,0x00000000ef680000)
  from space 2560K, 0% used [0x00000000ef680000,0x00000000ef680000,0x00000000ef900000)
  to   space 1536K, 0% used [0x00000000f0a80000,0x00000000f0a80000,0x00000000f0c00000)
 ParOldGen       total 666112K, used 456913K [0x00000000c3000000, 0x00000000eba80000, 0x00000000eba80000)
  object space 666112K, 68% used [0x00000000c3000000,0x00000000dee34680,0x00000000eba80000)
 PSPermGen       total 21504K, used 4737K [0x00000000b8a00000, 0x00000000b9f00000, 0x00000000c3000000)
  object space 21504K, 22% used [0x00000000b8a00000,0x00000000b8ea0528,0x00000000b9f00000)
}
Event: 4.101 GC heap before
{Heap before GC invocations=7 (full 2):
 PSYoungGen      total 64000K, used 0K [0x00000000eba80000, 0x00000000f0c00000, 0x0000000100000000)
  eden space 61440K, 0% used [0x00000000eba80000,0x00000000eba80000,0x00000000ef680000)
  from space 2560K, 0% used [0x00000000ef680000,0x00000000ef680000,0x00000000ef900000)
  to   space 1536K, 0% used [0x00000000f0a80000,0x00000000f0a80000,0x00000000f0c00000)
 ParOldGen       total 666112K, used 456913K [0x00000000c3000000, 0x00000000eba80000, 0x00000000eba80000)
  object space 666112K, 68% used [0x00000000c3000000,0x00000000dee34680,0x00000000eba80000)
 PSPermGen       total 21504K, used 4737K [0x00000000b8a00000, 0x00000000b9f00000, 0x00000000c3000000)
  object space 21504K, 22% used [0x00000000b8a00000,0x00000000b8ea0528,0x00000000b9f00000)
Event: 8.428 GC heap after
Heap after GC invocations=7 (full 2):
 PSYoungGen      total 64000K, used 0K [0x00000000eba80000, 0x00000000f0c00000, 0x0000000100000000)
  eden space 61440K, 0% used [0x00000000eba80000,0x00000000eba80000,0x00000000ef680000)
  from space 2560K, 0% used [0x00000000ef680000,0x00000000ef680000,0x00000000ef900000)
  to   space 1536K, 0% used [0x00000000f0a80000,0x00000000f0a80000,0x00000000f0c00000)
 ParOldGen       total 352768K, used 274384K [0x00000000c3000000, 0x00000000d8880000, 0x00000000eba80000)
  object space 352768K, 77% used [0x00000000c3000000,0x00000000d3bf4320,0x00000000d8880000)
 PSPermGen       total 21504K, used 4737K [0x00000000b8a00000, 0x00000000b9f00000, 0x00000000c3000000)
  object space 21504K, 22% used [0x00000000b8a00000,0x00000000b8ea0528,0x00000000b9f00000)
}

