# JRE version: OpenJDK Runtime Environment (7.0_55-b14) (build 1.7.0_55-b14)
# Java VM: OpenJDK 64-Bit Server VM (24.51-b03 mixed mode linux-amd64 compressed oops)
Heap
 PSYoungGen      total 76800K, used 14848K [0x00000000eba80000, 0x00000000f1580000, 0x0000000100000000)
  eden space 61952K, 0% used [0x00000000eba80000,0x00000000eba80000,0x00000000ef700000)
  from space 14848K, 100% used [0x00000000ef700000,0x00000000f0580000,0x00000000f0580000)
  to   space 13312K, 0% used [0x00000000f0580000,0x00000000f0580000,0x00000000f1280000)
 ParOldGen       total 41472K, used 36399K [0x00000000c3000000, 0x00000000c5880000, 0x00000000eba80000)
  object space 41472K, 87% used [0x00000000c3000000,0x00000000c538be80,0x00000000c5880000)
 PSPermGen       total 21504K, used 5932K [0x00000000b8a00000, 0x00000000b9f00000, 0x00000000c3000000)
  object space 21504K, 27% used [0x00000000b8a00000,0x00000000b8fcb3d8,0x00000000b9f00000)
GC Heap History (10 events):
Event: 3.786 GC heap after
Heap after GC invocations=2 (full 0):
 PSYoungGen      total 18432K, used 2528K [0x00000000eba80000, 0x00000000ede80000, 0x0000000100000000)
  eden space 15872K, 0% used [0x00000000eba80000,0x00000000eba80000,0x00000000eca00000)
  from space 2560K, 98% used [0x00000000ecc80000,0x00000000ecef8020,0x00000000ecf00000)
  to   space 2560K, 0% used [0x00000000eca00000,0x00000000eca00000,0x00000000ecc80000)
 ParOldGen       total 41472K, used 2672K [0x00000000c3000000, 0x00000000c5880000, 0x00000000eba80000)
  object space 41472K, 6% used [0x00000000c3000000,0x00000000c329c020,0x00000000c5880000)
 PSPermGen       total 21504K, used 5908K [0x00000000b8a00000, 0x00000000b9f00000, 0x00000000c3000000)
  object space 21504K, 27% used [0x00000000b8a00000,0x00000000b8fc5160,0x00000000b9f00000)
}
Event: 4.446 GC heap before
{Heap before GC invocations=3 (full 0):
 PSYoungGen      total 18432K, used 18400K [0x00000000eba80000, 0x00000000ede80000, 0x0000000100000000)
  eden space 15872K, 100% used [0x00000000eba80000,0x00000000eca00000,0x00000000eca00000)
  from space 2560K, 98% used [0x00000000ecc80000,0x00000000ecef8020,0x00000000ecf00000)
  to   space 2560K, 0% used [0x00000000eca00000,0x00000000eca00000,0x00000000ecc80000)
 ParOldGen       total 41472K, used 2672K [0x00000000c3000000, 0x00000000c5880000, 0x00000000eba80000)
  object space 41472K, 6% used [0x00000000c3000000,0x00000000c329c020,0x00000000c5880000)
 PSPermGen       total 21504K, used 5912K [0x00000000b8a00000, 0x00000000b9f00000, 0x00000000c3000000)
  object space 21504K, 27% used [0x00000000b8a00000,0x00000000b8fc6388,0x00000000b9f00000)
Event: 4.492 GC heap after
Heap after GC invocations=3 (full 0):
 PSYoungGen      total 18432K, used 2528K [0x00000000eba80000, 0x00000000ede80000, 0x0000000100000000)
  eden space 15872K, 0% used [0x00000000eba80000,0x00000000eba80000,0x00000000eca00000)
  from space 2560K, 98% used [0x00000000eca00000,0x00000000ecc78020,0x00000000ecc80000)
  to   space 2560K, 0% used [0x00000000edc00000,0x00000000edc00000,0x00000000ede80000)
 ParOldGen       total 41472K, used 7256K [0x00000000c3000000, 0x00000000c5880000, 0x00000000eba80000)
  object space 41472K, 17% used [0x00000000c3000000,0x00000000c3716020,0x00000000c5880000)
 PSPermGen       total 21504K, used 5912K [0x00000000b8a00000, 0x00000000b9f00000, 0x00000000c3000000)
  object space 21504K, 27% used [0x00000000b8a00000,0x00000000b8fc6388,0x00000000b9f00000)
}
Event: 5.321 GC heap before
{Heap before GC invocations=4 (full 0):
 PSYoungGen      total 18432K, used 18400K [0x00000000eba80000, 0x00000000ede80000, 0x0000000100000000)
  eden space 15872K, 100% used [0x00000000eba80000,0x00000000eca00000,0x00000000eca00000)
  from space 2560K, 98% used [0x00000000eca00000,0x00000000ecc78020,0x00000000ecc80000)
  to   space 2560K, 0% used [0x00000000edc00000,0x00000000edc00000,0x00000000ede80000)
 ParOldGen       total 41472K, used 7256K [0x00000000c3000000, 0x00000000c5880000, 0x00000000eba80000)
  object space 41472K, 17% used [0x00000000c3000000,0x00000000c3716020,0x00000000c5880000)
 PSPermGen       total 21504K, used 5913K [0x00000000b8a00000, 0x00000000b9f00000, 0x00000000c3000000)
  object space 21504K, 27% used [0x00000000b8a00000,0x00000000b8fc6440,0x00000000b9f00000)
Event: 5.348 GC heap after
Heap after GC invocations=4 (full 0):
 PSYoungGen      total 34304K, used 2544K [0x00000000eba80000, 0x00000000ede80000, 0x0000000100000000)
  eden space 31744K, 0% used [0x00000000eba80000,0x00000000eba80000,0x00000000ed980000)
  from space 2560K, 99% used [0x00000000edc00000,0x00000000ede7c030,0x00000000ede80000)
  to   space 2560K, 0% used [0x00000000ed980000,0x00000000ed980000,0x00000000edc00000)
 ParOldGen       total 41472K, used 11824K [0x00000000c3000000, 0x00000000c5880000, 0x00000000eba80000)
  object space 41472K, 28% used [0x00000000c3000000,0x00000000c3b8c020,0x00000000c5880000)
 PSPermGen       total 21504K, used 5913K [0x00000000b8a00000, 0x00000000b9f00000, 0x00000000c3000000)
  object space 21504K, 27% used [0x00000000b8a00000,0x00000000b8fc6440,0x00000000b9f00000)
}
Event: 6.141 GC heap before
{Heap before GC invocations=5 (full 0):
 PSYoungGen      total 34304K, used 34288K [0x00000000eba80000, 0x00000000ede80000, 0x0000000100000000)
  eden space 31744K, 100% used [0x00000000eba80000,0x00000000ed980000,0x00000000ed980000)
  from space 2560K, 99% used [0x00000000edc00000,0x00000000ede7c030,0x00000000ede80000)
  to   space 2560K, 0% used [0x00000000ed980000,0x00000000ed980000,0x00000000edc00000)
 ParOldGen       total 41472K, used 11824K [0x00000000c3000000, 0x00000000c5880000, 0x00000000eba80000)
  object space 41472K, 28% used [0x00000000c3000000,0x00000000c3b8c020,0x00000000c5880000)
 PSPermGen       total 21504K, used 5913K [0x00000000b8a00000, 0x00000000b9f00000, 0x00000000c3000000)
  object space 21504K, 27% used [0x00000000b8a00000,0x00000000b8fc6538,0x00000000b9f00000)
Event: 6.173 GC heap after
Heap after GC invocations=5 (full 0):
 PSYoungGen      total 34304K, used 2544K [0x00000000eba80000, 0x00000000f1280000, 0x0000000100000000)
  eden space 31744K, 0% used [0x00000000eba80000,0x00000000eba80000,0x00000000ed980000)
  from space 2560K, 99% used [0x00000000ed980000,0x00000000edbfc030,0x00000000edc00000)
  to   space 13312K, 0% used [0x00000000f0580000,0x00000000f0580000,0x00000000f1280000)
 ParOldGen       total 41472K, used 21072K [0x00000000c3000000, 0x00000000c5880000, 0x00000000eba80000)
  object space 41472K, 50% used [0x00000000c3000000,0x00000000c4494020,0x00000000c5880000)
 PSPermGen       total 21504K, used 5913K [0x00000000b8a00000, 0x00000000b9f00000, 0x00000000c3000000)
  object space 21504K, 27% used [0x00000000b8a00000,0x00000000b8fc6538,0x00000000b9f00000)
}
Event: 6.922 GC heap before
{Heap before GC invocations=6 (full 0):
 PSYoungGen      total 34304K, used 34288K [0x00000000eba80000, 0x00000000f1280000, 0x0000000100000000)
  eden space 31744K, 100% used [0x00000000eba80000,0x00000000ed980000,0x00000000ed980000)
  from space 2560K, 99% used [0x00000000ed980000,0x00000000edbfc030,0x00000000edc00000)
  to   space 13312K, 0% used [0x00000000f0580000,0x00000000f0580000,0x00000000f1280000)
 ParOldGen       total 41472K, used 21072K [0x00000000c3000000, 0x00000000c5880000, 0x00000000eba80000)
  object space 41472K, 50% used [0x00000000c3000000,0x00000000c4494020,0x00000000c5880000)
 PSPermGen       total 21504K, used 5932K [0x00000000b8a00000, 0x00000000b9f00000, 0x00000000c3000000)
  object space 21504K, 27% used [0x00000000b8a00000,0x00000000b8fcb320,0x00000000b9f00000)
Event: 6.977 GC heap after
Heap after GC invocations=6 (full 0):
 PSYoungGen      total 75264K, used 11920K [0x00000000eba80000, 0x00000000f1580000, 0x0000000100000000)
  eden space 61952K, 0% used [0x00000000eba80000,0x00000000eba80000,0x00000000ef700000)
  from space 13312K, 89% used [0x00000000f0580000,0x00000000f1124030,0x00000000f1280000)
  to   space 14848K, 0% used [0x00000000ef700000,0x00000000ef700000,0x00000000f0580000)
 ParOldGen       total 41472K, used 21072K [0x00000000c3000000, 0x00000000c5880000, 0x00000000eba80000)
  object space 41472K, 50% used [0x00000000c3000000,0x00000000c4494020,0x00000000c5880000)
 PSPermGen       total 21504K, used 5932K [0x00000000b8a00000, 0x00000000b9f00000, 0x00000000c3000000)
  object space 21504K, 27% used [0x00000000b8a00000,0x00000000b8fcb320,0x00000000b9f00000)
}
Event: 8.737 GC heap before
{Heap before GC invocations=7 (full 0):
 PSYoungGen      total 75264K, used 73872K [0x00000000eba80000, 0x00000000f1580000, 0x0000000100000000)
  eden space 61952K, 100% used [0x00000000eba80000,0x00000000ef700000,0x00000000ef700000)
  from space 13312K, 89% used [0x00000000f0580000,0x00000000f1124030,0x00000000f1280000)
  to   space 14848K, 0% used [0x00000000ef700000,0x00000000ef700000,0x00000000f0580000)
 ParOldGen       total 41472K, used 21072K [0x00000000c3000000, 0x00000000c5880000, 0x00000000eba80000)
  object space 41472K, 50% used [0x00000000c3000000,0x00000000c4494020,0x00000000c5880000)
 PSPermGen       total 21504K, used 5932K [0x00000000b8a00000, 0x00000000b9f00000, 0x00000000c3000000)
  object space 21504K, 27% used [0x00000000b8a00000,0x00000000b8fcb3d8,0x00000000b9f00000)

